-----04-02-2018 @ 13:37:13 ------
schedule_cleanup_temp_users
-----04-02-2018 @ 13:37:13 ------
schedule_update_user_items
-----04-02-2018 @ 13:37:18 ------
schedule_cleanup_temp_users
-----04-02-2018 @ 13:37:18 ------
schedule_update_user_items
-----04-03-2018 @ 04:32:44 ------
schedule_update_user_items
-----04-03-2018 @ 04:37:28 ------
schedule_update_user_items
-----04-05-2018 @ 06:32:09 ------
schedule_update_user_items
-----04-05-2018 @ 06:32:51 ------
create_table
-----04-05-2018 @ 06:35:07 ------
404: File C:\wamp\www\edu\wp-content\plugins\learnpress\inc\class-lp-page-controller.php, line #373
-----04-05-2018 @ 06:35:49 ------
404: File C:\wamp\www\edu\wp-content\plugins\learnpress\inc\class-lp-page-controller.php, line #373
